[DEBUG] 2022-01-12 14:03:19.526 [main] App - Begin program execution
[DEBUG] 2022-01-12 14:03:19.723 [main] App - All Employees Selected
[DEBUG] 2022-01-12 14:03:19.724 [main] App - End program execution
[DEBUG] 2022-01-12 14:03:31.119 [main] App - Begin program execution
[DEBUG] 2022-01-12 14:03:31.309 [main] App - All Employees Selected
[DEBUG] 2022-01-12 14:03:31.310 [main] App - End program execution
[DEBUG] 2022-01-12 16:10:20.243 [main] App - Begin program execution
[DEBUG] 2022-01-12 16:10:50.148 [main] App - Begin program execution
[DEBUG] 2022-01-12 16:12:25.703 [main] App - Begin program execution
[DEBUG] 2022-01-12 16:12:27.792 [main] App - End program execution
[DEBUG] 2022-01-12 16:41:57.873 [main] App - Begin program execution
[DEBUG] 2022-01-12 16:42:09.008 [main] App - All Employees Selected
[DEBUG] 2022-01-12 16:42:15.127 [main] App - All Employees Selected
[DEBUG] 2022-01-12 16:42:20.847 [main] App - Employee selected by id 5
[DEBUG] 2022-01-12 16:42:31.542 [main] App - Employees selected with name 
[DEBUG] 2022-01-12 16:42:41.837 [main] App - Employees selected with name 
[DEBUG] 2022-01-12 16:42:54.254 [main] App - All Employees Selected
[DEBUG] 2022-01-12 16:45:18.793 [main] App - Begin program execution
[DEBUG] 2022-01-12 16:45:27.983 [main] App - All Employees Selected
[DEBUG] 2022-01-12 16:48:29.742 [main] App - Begin program execution
[DEBUG] 2022-01-12 16:48:39.923 [main] App - Employees selected with name Pierce
[DEBUG] 2022-01-12 16:51:22.829 [main] App - Begin program execution
[DEBUG] 2022-01-12 16:51:26.370 [main] App - All Employees Selected
[DEBUG] 2022-01-12 16:53:42.157 [main] App - Begin program execution
[DEBUG] 2022-01-12 16:53:45.454 [main] App - All Employees Selected
[DEBUG] 2022-01-12 16:53:59.708 [main] App - Begin program execution
[DEBUG] 2022-01-12 16:54:57.730 [main] App - Begin program execution
[DEBUG] 2022-01-12 16:55:01.085 [main] App - All Employees Selected
[DEBUG] 2022-01-12 16:55:02.866 [main] App - End program execution
[DEBUG] 2022-01-12 17:02:41.722 [main] App - Begin program execution
[DEBUG] 2022-01-12 17:02:48.755 [main] App - End program execution
[DEBUG] 2022-01-12 17:04:03.207 [main] App - Begin program execution
[DEBUG] 2022-01-12 17:04:11.986 [main] App - End program execution
[DEBUG] 2022-01-12 17:06:23.196 [main] App - Begin program execution
[DEBUG] 2022-01-12 17:06:26.970 [main] App - End program execution
[DEBUG] 2022-01-12 17:06:53.132 [main] App - Begin program execution
[DEBUG] 2022-01-12 17:06:56.835 [main] App - End program execution
[DEBUG] 2022-01-12 17:07:23.099 [main] App - Begin program execution
[DEBUG] 2022-01-12 17:07:28.690 [main] App - End program execution
[DEBUG] 2022-01-12 17:09:04.845 [main] App - Begin program execution
[DEBUG] 2022-01-12 17:09:34.564 [main] App - Begin program execution
[DEBUG] 2022-01-12 17:09:45.410 [main] App - End program execution
[DEBUG] 2022-01-12 17:10:37.138 [main] App - Begin program execution
[DEBUG] 2022-01-12 17:10:48.969 [main] App - Employees selected with name Pierce
[DEBUG] 2022-01-12 17:11:44.580 [main] App - Begin program execution
[DEBUG] 2022-01-12 17:12:36.464 [main] App - Begin program execution
[DEBUG] 2022-01-12 17:12:41.688 [main] App - All Employees Selected
[DEBUG] 2022-01-12 17:13:05.195 [main] App - End program execution
[DEBUG] 2022-01-12 17:35:09.719 [main] App - Begin program execution
[DEBUG] 2022-01-12 17:35:17.230 [main] App - All Employees Selected
[DEBUG] 2022-01-12 17:35:21.874 [main] App - Employee selected by id 4
[DEBUG] 2022-01-12 17:35:38.216 [main] App - Employee selected by id 5
[DEBUG] 2022-01-12 17:35:49.135 [main] App - Employees selected with name Dan
[DEBUG] 2022-01-12 17:35:57.760 [main] App - All Employees Selected
[DEBUG] 2022-01-12 17:36:16.704 [main] App - All Employees Selected
[DEBUG] 2022-01-12 17:36:32.579 [main] App - End program execution
[DEBUG] 2022-01-12 17:37:43.856 [main] App - Begin program execution
[DEBUG] 2022-01-12 17:40:01.091 [main] App - Begin program execution
[DEBUG] 2022-01-12 17:40:24.133 [main] App - Employees Successfully Inserted
[DEBUG] 2022-01-12 17:40:39.567 [main] App - Employees selected with name Serena
[DEBUG] 2022-01-12 17:40:56.090 [main] App - Successfully updated employee 10 salary to 70000.0
[DEBUG] 2022-01-12 17:41:08.626 [main] App - Successfully updated employee 2 name to Frederick
[DEBUG] 2022-01-12 17:41:11.961 [main] App - All Employees Selected
[DEBUG] 2022-01-12 17:41:36.696 [main] App - Successfully updated employee 2 salary to 19000.0
[DEBUG] 2022-01-12 17:41:43.104 [main] App - All Employees Selected
[DEBUG] 2022-01-12 17:41:59.250 [main] App - Employee deleted by id 6
[DEBUG] 2022-01-12 17:42:02.240 [main] App - All Employees Selected
[DEBUG] 2022-01-12 17:42:09.108 [main] App - End program execution
